<?xml version="1.0" encoding="UTF-8"?>
<testng-results ignored="0" total="1" passed="1" failed="0" skipped="0">
  <reporter-output>
  </reporter-output>
  <suite started-at="2020-07-18T08:22:38 IST" name="Default suite" finished-at="2020-07-18T08:22:39 IST" duration-ms="150">
    <groups>
    </groups>
    <test started-at="2020-07-18T08:22:38 IST" name="Default test" finished-at="2020-07-18T08:22:39 IST" duration-ms="150">
      <class name="com.kick_out.practise.DataProviderDemo">
        <test-method signature="m1(int)[pri:0, instance:com.kick_out.practise.DataProviderDemo@f381794]" started-at="2020-07-18T08:22:39 IST" name="m1" data-provider="data" finished-at="2020-07-18T08:22:39 IST" duration-ms="11" status="PASS">
          <params>
            <param index="0">
              <value>
                <![CDATA[110]]>
              </value>
            </param>
          </params>
          <reporter-output>
          </reporter-output>
        </test-method> <!-- m1 -->
      </class> <!-- com.kick_out.practise.DataProviderDemo -->
    </test> <!-- Default test -->
  </suite> <!-- Default suite -->
</testng-results>
